Sesion iniciada con exito en el horario por el usuario : Thu Jun 22 2023 13:18:18 GMT-0300 (hora estándar de Argentina) nicolaspiersanti@hotmail.com
Sesion iniciada con exito en el horario por el usuario : Thu Jun 22 2023 13:18:45 GMT-0300 (hora estándar de Argentina) nicolaspiersanti@hotmail.com
Sesion iniciada con exito en el horario por el usuario : Thu Jun 22 2023 13:18:46 GMT-0300 (hora estándar de Argentina) nicolaspiersanti@hotmail.com
Sesion iniciada con exito en el horario por el usuario : Thu Jun 22 2023 13:18:47 GMT-0300 (hora estándar de Argentina) nicolaspiersanti@hotmail.com
Sesion iniciada con exito en el horario por el usuario : Thu Jun 22 2023 13:19:50 GMT-0300 (hora estándar de Argentina) nicolaspiersanti@hotmail.com
Sesion iniciada con exito en el horario por el usuario : Thu Jun 22 2023 13:20:07 GMT-0300 (hora estándar de Argentina) nicolaspiersanti@hotmail.com
Sesion iniciada con exito en el horario por el usuario : Thu Jun 22 2023 13:22:08 GMT-0300 (hora estándar de Argentina) nicolaspiersanti@hotmail.com
Sesion iniciada con exito en el horario por el usuario : Thu Jun 22 2023 13:22:21 GMT-0300 (hora estándar de Argentina) nicolaspiersanti@hotmail.com
Sesion iniciada con exito en el horario por el usuario : Thu Jun 22 2023 13:22:28 GMT-0300 (hora estándar de Argentina) nicolaspiersanti@hotmail.com
Sesion iniciada con exito en el horario por el usuario : Thu Jun 22 2023 13:23:46 GMT-0300 (hora estándar de Argentina) nicolaspiersanti@hotmail.com
Sesion iniciada con exito en el horario por el usuario : Thu Jun 22 2023 13:34:48 GMT-0300 (hora estándar de Argentina) nicolaspiersanti@hotmail.com
Sesion iniciada con exito en el horario por el usuario : Thu Jun 22 2023 13:35:01 GMT-0300 (hora estándar de Argentina) nicolaspiersanti@hotmail.com
Sesion iniciada con exito en el horario por el usuario : Thu Jun 22 2023 13:37:44 GMT-0300 (hora estándar de Argentina) nicolaspiersanti@hotmail.com
Sesion iniciada con exito en el horario por el usuario : Thu Jun 22 2023 13:43:43 GMT-0300 (hora estándar de Argentina) nicolaspiersanti@hotmail.com
Sesion iniciada con exito en el horario por el usuario : Thu Jun 22 2023 13:44:05 GMT-0300 (hora estándar de Argentina) nicolaspiersanti@hotmail.com
Sesion iniciada con exito en el horario por el usuario : Thu Jun 22 2023 13:45:59 GMT-0300 (hora estándar de Argentina) nicolaspiersanti@hotmail.com
Sesion iniciada con exito en el horario por el usuario : Thu Jun 22 2023 13:48:03 GMT-0300 (hora estándar de Argentina) nicolaspiersanti@hotmail.com
Sesion iniciada con exito en el horario por el usuario : Thu Jun 22 2023 13:48:46 GMT-0300 (hora estándar de Argentina) nicolaspiersanti@hotmail.com
Sesion iniciada con exito en el horario por el usuario : Thu Jun 22 2023 13:48:55 GMT-0300 (hora estándar de Argentina) nicolaspiersanti@hotmail.com
Sesion iniciada con exito en el horario por el usuario : Thu Jun 22 2023 13:49:18 GMT-0300 (hora estándar de Argentina) nicolaspiersanti@hotmail.com
Sesion iniciada con exito en el horario por el usuario : Thu Jun 22 2023 13:49:41 GMT-0300 (hora estándar de Argentina) nicolaspiersanti@hotmail.com
Sesion iniciada con exito en el horario por el usuario : Thu Jun 22 2023 13:49:56 GMT-0300 (hora estándar de Argentina) nicolaspiersanti@hotmail.com
Sesion iniciada con exito en el horario por el usuario : Thu Jun 22 2023 13:50:04 GMT-0300 (hora estándar de Argentina) nicolaspiersanti@hotmail.com
Sesion iniciada con exito en el horario por el usuario : Thu Jun 22 2023 13:53:11 GMT-0300 (hora estándar de Argentina) nicolaspiersanti@hotmail.com
Sesion iniciada con exito en el horario por el usuario : Thu Jun 22 2023 14:02:28 GMT-0300 (hora estándar de Argentina) nicolaspiersanti@hotmail.com
Sesion iniciada con exito en el horario por el usuario : Thu Jun 22 2023 14:04:27 GMT-0300 (hora estándar de Argentina) nicolaspiersanti@hotmail.com
Sesion iniciada con exito en el horario por el usuario : Thu Jun 22 2023 14:04:46 GMT-0300 (hora estándar de Argentina) nicolaspiersanti@hotmail.com
Sesion iniciada con exito en el horario por el usuario : Thu Jun 22 2023 14:07:11 GMT-0300 (hora estándar de Argentina) nicolaspiersanti@hotmail.com
Sesion iniciada con exito en el horario por el usuario : Thu Jun 22 2023 14:10:03 GMT-0300 (hora estándar de Argentina) nicolaspiersanti@hotmail.com
Sesion iniciada con exito en el horario por el usuario : Thu Jun 22 2023 14:10:30 GMT-0300 (hora estándar de Argentina) nicolaspiersanti@hotmail.com
Sesion iniciada con exito en el horario por el usuario : Thu Jun 22 2023 14:11:07 GMT-0300 (hora estándar de Argentina) nicolaspiersanti@hotmail.com
Sesion iniciada con exito en el horario por el usuario : Thu Jun 22 2023 14:13:19 GMT-0300 (hora estándar de Argentina) nicolaspiersanti@hotmail.com
Sesion iniciada con exito en el horario por el usuario : Thu Jun 22 2023 15:02:19 GMT-0300 (hora estándar de Argentina) nicolaspiersanti@hotmail.com
Sesion iniciada con exito en el horario por el usuario : Thu Jun 22 2023 15:22:19 GMT-0300 (hora estándar de Argentina) nicolaspiersanti@hotmail.com
Sesion iniciada con exito en el horario por el usuario : Thu Jun 22 2023 15:26:57 GMT-0300 (hora estándar de Argentina) nicolaspiersanti@hotmail.com
Sesion iniciada con exito en el horario por el usuario : Thu Jun 22 2023 15:27:36 GMT-0300 (hora estándar de Argentina) nicolaspiersanti@hotmail.com
Sesion iniciada con exito en el horario por el usuario : Thu Jun 22 2023 15:28:42 GMT-0300 (hora estándar de Argentina) nicolaspiersanti@hotmail.com
Sesion iniciada con exito en el horario por el usuario : Thu Jun 22 2023 15:44:04 GMT-0300 (hora estándar de Argentina) nicolaspiersanti@hotmail.com
Sesion iniciada con exito en el horario por el usuario : Thu Jun 22 2023 15:44:45 GMT-0300 (hora estándar de Argentina) nicolaspiersanti@hotmail.com
Sesion iniciada con exito en el horario por el usuario : Thu Jun 22 2023 15:45:39 GMT-0300 (hora estándar de Argentina) nicolaspiersanti@hotmail.com
Sesion iniciada con exito en el horario por el usuario : Thu Jun 22 2023 15:47:36 GMT-0300 (hora estándar de Argentina) nicolaspiersanti@hotmail.com
Sesion iniciada con exito en el horario por el usuario : Thu Jun 22 2023 15:47:56 GMT-0300 (hora estándar de Argentina) nicolaspiersanti@hotmail.com
Sesion iniciada con exito en el horario por el usuario : Thu Jun 22 2023 15:52:17 GMT-0300 (hora estándar de Argentina) nicolaspiersanti@hotmail.com
Sesion iniciada con exito en el horario por el usuario : Thu Jun 22 2023 16:05:52 GMT-0300 (hora estándar de Argentina) nicolaspiersanti@hotmail.com
Sesion iniciada con exito en el horario por el usuario : Thu Jun 22 2023 16:36:34 GMT-0300 (hora estándar de Argentina) nicolaspiersanti@hotmail.com
Sesion iniciada con exito en el horario por el usuario : Thu Jun 22 2023 16:36:38 GMT-0300 (hora estándar de Argentina) nicolaspiersanti@hotmail.com
Sesion iniciada con exito en el horario por el usuario : Thu Jun 22 2023 16:37:04 GMT-0300 (hora estándar de Argentina) nicolaspiersanti@hotmail.com
Sesion iniciada con exito en el horario por el usuario : Thu Jun 22 2023 16:37:23 GMT-0300 (hora estándar de Argentina) nicolaspiersanti@hotmail.com
Sesion iniciada con exito en el horario por el usuario : Thu Jun 22 2023 16:48:12 GMT-0300 (hora estándar de Argentina) nicolaspiersanti@hotmail.com
Sesion iniciada con exito en el horario por el usuario : Thu Jun 22 2023 17:06:07 GMT-0300 (hora estándar de Argentina) nicolaspiersanti@hotmail.com
Sesion iniciada con exito en el horario por el usuario : Thu Jun 22 2023 17:06:26 GMT-0300 (hora estándar de Argentina) nicolaspiersanti@hotmail.com
Sesion iniciada con exito en el horario por el usuario : Thu Jun 22 2023 17:06:29 GMT-0300 (hora estándar de Argentina) nicolaspiersanti@hotmail.com
Sesion iniciada con exito en el horario por el usuario : Thu Jun 22 2023 17:07:02 GMT-0300 (hora estándar de Argentina) nicolaspiersanti@hotmail.com
Sesion iniciada con exito en el horario por el usuario : Thu Jun 22 2023 17:07:39 GMT-0300 (hora estándar de Argentina) nicolaspiersanti@hotmail.com
Sesion iniciada con exito en el horario por el usuario : Thu Jun 22 2023 17:07:56 GMT-0300 (hora estándar de Argentina) nicolaspiersanti@hotmail.com
Sesion iniciada con exito en el horario por el usuario : Thu Jun 22 2023 17:18:57 GMT-0300 (hora estándar de Argentina) nicolaspiersanti@hotmail.com
Sesion iniciada con exito en el horario por el usuario : Thu Jun 22 2023 17:19:20 GMT-0300 (hora estándar de Argentina) nicolaspiersanti@hotmail.com
Sesion iniciada con exito en el horario por el usuario : Thu Jun 22 2023 17:19:42 GMT-0300 (hora estándar de Argentina) nicolaspiersanti@hotmail.com
Sesion iniciada con exito en el horario por el usuario : Thu Jun 22 2023 17:37:51 GMT-0300 (hora estándar de Argentina) nicolaspiersanti@hotmail.com
Sesion iniciada con exito en el horario por el usuario : Thu Jun 22 2023 21:18:03 GMT-0300 (hora estándar de Argentina) nicolaspiersanti@hotmail.com
Sesion iniciada con exito en el horario por el usuario : Thu Jun 22 2023 21:18:48 GMT-0300 (hora estándar de Argentina) nicolaspiersanti@hotmail.com
Sesion iniciada con exito en el horario por el usuario : Thu Jun 22 2023 21:18:53 GMT-0300 (hora estándar de Argentina) nicolaspiersanti@hotmail.com
Sesion iniciada con exito en el horario por el usuario : Thu Jun 22 2023 22:12:57 GMT-0300 (hora estándar de Argentina) nicolaspiersanti@hotmail.com
Sesion iniciada con exito en el horario por el usuario : Fri Jun 23 2023 08:27:13 GMT-0300 (hora estándar de Argentina) nicolaspiersanti@hotmail.com
Sesion iniciada con exito en el horario por el usuario : Fri Jun 23 2023 08:52:57 GMT-0300 (hora estándar de Argentina) nicolaspiersanti@hotmail.com
Sesion iniciada con exito en el horario por el usuario : Fri Jun 23 2023 09:00:33 GMT-0300 (hora estándar de Argentina) nicolaspiersanti@hotmail.com
Sesion iniciada con exito en el horario por el usuario : Sat Jul 01 2023 16:46:03 GMT-0300 (hora estándar de Argentina) nicolaspiersanti@hotmail.com
Sesion iniciada con exito en el horario por el usuario : Sat Jul 01 2023 16:59:43 GMT-0300 (hora estándar de Argentina) nicolaspiersanti@hotmail.com
Sesion iniciada con exito en el horario por el usuario : Sat Jul 01 2023 17:00:01 GMT-0300 (hora estándar de Argentina) nicolaspiersanti@hotmail.com
Sesion iniciada con exito en el horario por el usuario : Fri Jul 14 2023 19:49:53 GMT-0300 (hora estándar de Argentina) nicolaspiersanti@hotmail.com
Sesion iniciada con exito en el horario por el usuario : Mon Jul 11 2033 20:03:54 GMT-0300 (hora estándar de Argentina) nicolaspiersanti@hotmail.com
Sesion iniciada con exito en el horario por el usuario : Mon Jul 11 2033 20:14:33 GMT-0300 (hora estándar de Argentina) nicolaspiersanti@hotmail.com
Sesion iniciada con exito en el horario por el usuario : Mon Jul 11 2033 20:14:37 GMT-0300 (hora estándar de Argentina) nicolaspiersanti@hotmail.com
Sesion iniciada con exito en el horario por el usuario : Mon Jul 11 2033 20:18:29 GMT-0300 (hora estándar de Argentina) nicolaspiersanti@hotmail.com
Sesion iniciada con exito en el horario por el usuario : Mon Jul 11 2033 20:33:49 GMT-0300 (hora estándar de Argentina) nicolaspiersanti@hotmail.com
Sesion iniciada con exito en el horario por el usuario : Mon Jul 11 2033 20:34:45 GMT-0300 (hora estándar de Argentina) nicolaspiersanti@hotmail.com
Sesion iniciada con exito en el horario por el usuario : Mon Jul 11 2033 20:36:15 GMT-0300 (hora estándar de Argentina) nicolaspiersanti@hotmail.com
Sesion iniciada con exito en el horario por el usuario : Mon Jul 11 2033 20:37:33 GMT-0300 (hora estándar de Argentina) nicolaspiersanti@hotmail.com
Sesion iniciada con exito en el horario por el usuario : Mon Jul 11 2033 20:42:11 GMT-0300 (hora estándar de Argentina) nicolaspiersanti@hotmail.com
Sesion iniciada con exito en el horario por el usuario : Mon Jul 11 2033 20:43:51 GMT-0300 (hora estándar de Argentina) nicolaspiersanti@hotmail.com
Sesion iniciada con exito en el horario por el usuario : Mon Jul 11 2033 20:44:22 GMT-0300 (hora estándar de Argentina) nicolaspiersanti@hotmail.com
Sesion iniciada con exito en el horario por el usuario : Mon Jul 11 2033 20:47:11 GMT-0300 (hora estándar de Argentina) nicolaspiersanti@hotmail.com
Sesion iniciada con exito en el horario por el usuario : Mon Jul 11 2033 20:56:15 GMT-0300 (hora estándar de Argentina) nicolaspiersanti@hotmail.com
Sesion iniciada con exito en el horario por el usuario : Mon Jul 11 2033 21:04:06 GMT-0300 (hora estándar de Argentina) nicolaspiersanti@hotmail.com
Sesion iniciada con exito en el horario por el usuario : Mon Jul 11 2033 21:05:21 GMT-0300 (hora estándar de Argentina) nicolaspiersanti@hotmail.com
Sesion iniciada con exito en el horario por el usuario : Mon Jul 11 2033 21:06:06 GMT-0300 (hora estándar de Argentina) nicolaspiersanti@hotmail.com
Sesion iniciada con exito en el horario por el usuario : Mon Jul 11 2033 21:28:14 GMT-0300 (hora estándar de Argentina) nicolaspiersanti@hotmail.com
Sesion iniciada con exito en el horario por el usuario : Mon Jul 11 2033 22:04:13 GMT-0300 (hora estándar de Argentina) nicolaspiersanti@hotmail.com
Sesion iniciada con exito en el horario por el usuario : Mon Jul 11 2033 22:18:34 GMT-0300 (hora estándar de Argentina) nicolaspiersanti@hotmail.com
Sesion iniciada con exito en el horario por el usuario : Mon Jul 11 2033 22:20:38 GMT-0300 (hora estándar de Argentina) nicolaspiersanti@hotmail.com
Sesion iniciada con exito en el horario por el usuario : Mon Jul 11 2033 22:21:36 GMT-0300 (hora estándar de Argentina) nicolaspiersanti@hotmail.com
Sesion iniciada con exito en el horario por el usuario : Mon Jul 11 2033 22:45:52 GMT-0300 (hora estándar de Argentina) nicolaspiersanti@hotmail.com
Sesion iniciada con exito en el horario por el usuario : Mon Jul 11 2033 22:46:58 GMT-0300 (hora estándar de Argentina) nicolaspiersanti@hotmail.com
Sesion iniciada con exito en el horario por el usuario : Mon Jul 11 2033 22:58:31 GMT-0300 (hora estándar de Argentina) nicolaspiersanti@hotmail.com
Sesion iniciada con exito en el horario por el usuario : Mon Jul 11 2033 23:02:21 GMT-0300 (hora estándar de Argentina) nicolaspiersanti@hotmail.com
Sesion iniciada con exito en el horario por el usuario : Mon Jul 11 2033 23:06:55 GMT-0300 (hora estándar de Argentina) nicolaspiersanti@hotmail.com
Sesion iniciada con exito en el horario por el usuario : Mon Jul 11 2033 23:07:02 GMT-0300 (hora estándar de Argentina) nicolaspiersanti@hotmail.com
Sesion iniciada con exito en el horario por el usuario : Mon Jul 11 2033 23:07:16 GMT-0300 (hora estándar de Argentina) nicolaspiersanti@hotmail.com
Sesion iniciada con exito en el horario por el usuario : Mon Jul 11 2033 23:20:07 GMT-0300 (hora estándar de Argentina) nicolaspiersanti@hotmail.com
Sesion iniciada con exito en el horario por el usuario : Tue Jul 12 2033 00:38:31 GMT-0300 (hora estándar de Argentina) nicolaspiersanti@hotmail.com
Sesion iniciada con exito en el horario por el usuario : Tue Jul 12 2033 00:39:07 GMT-0300 (hora estándar de Argentina) nicolaspiersanti@hotmail.com
Sesion iniciada con exito en el horario por el usuario : Tue Jul 12 2033 00:39:40 GMT-0300 (hora estándar de Argentina) nicolaspiersanti@hotmail.com
Sesion iniciada con exito en el horario por el usuario : Tue Jul 12 2033 00:40:05 GMT-0300 (hora estándar de Argentina) nicolaspiersanti@hotmail.com
Sesion iniciada con exito en el horario por el usuario : Tue Jul 12 2033 00:43:57 GMT-0300 (hora estándar de Argentina) nicolaspiersanti@hotmail.com
Sesion iniciada con exito en el horario por el usuario : Tue Jul 12 2033 00:52:25 GMT-0300 (hora estándar de Argentina) nicolaspiersanti@hotmail.com
Sesion iniciada con exito en el horario por el usuario : Tue Jul 12 2033 01:56:50 GMT-0300 (hora estándar de Argentina) nicolaspiersanti@hotmail.com
Sesion iniciada con exito en el horario por el usuario : Tue Jul 12 2033 02:30:40 GMT-0300 (hora estándar de Argentina) nicolaspiersanti@hotmail.com
Sesion iniciada con exito en el horario por el usuario : Tue Jul 12 2033 02:31:28 GMT-0300 (hora estándar de Argentina) nicolaspiersanti@hotmail.com
Sesion iniciada con exito en el horario por el usuario : Tue Jul 12 2033 02:32:48 GMT-0300 (hora estándar de Argentina) nicolaspiersanti@hotmail.com
Sesion iniciada con exito en el horario por el usuario : Tue Jul 12 2033 02:33:38 GMT-0300 (hora estándar de Argentina) nicolaspiersanti@hotmail.com
Sesion iniciada con exito en el horario por el usuario : Tue Jul 12 2033 02:35:23 GMT-0300 (hora estándar de Argentina) nicolaspiersanti@hotmail.com
Sesion iniciada con exito en el horario por el usuario : Tue Jul 12 2033 02:37:38 GMT-0300 (hora estándar de Argentina) nicolaspiersanti@hotmail.com
Sesion iniciada con exito en el horario por el usuario : Tue Jul 12 2033 02:38:39 GMT-0300 (hora estándar de Argentina) nicolaspiersanti@hotmail.com
Sesion iniciada con exito en el horario por el usuario : Tue Jul 12 2033 02:39:16 GMT-0300 (hora estándar de Argentina) nicolaspiersanti@hotmail.com
Sesion iniciada con exito en el horario por el usuario : Tue Jul 12 2033 02:40:28 GMT-0300 (hora estándar de Argentina) nicolaspiersanti@hotmail.com
Sesion iniciada con exito en el horario por el usuario : Tue Jul 12 2033 02:41:02 GMT-0300 (hora estándar de Argentina) nicolaspiersanti@hotmail.com
Sesion iniciada con exito en el horario por el usuario : Tue Jul 12 2033 02:45:36 GMT-0300 (hora estándar de Argentina) nicolaspiersanti@hotmail.com
Sesion iniciada con exito en el horario por el usuario : Tue Jul 12 2033 02:47:26 GMT-0300 (hora estándar de Argentina) nicolaspiersanti@hotmail.com
Sesion iniciada con exito en el horario por el usuario : Tue Jul 12 2033 02:49:27 GMT-0300 (hora estándar de Argentina) nicolaspiersanti@hotmail.com
Sesion iniciada con exito en el horario por el usuario : Tue Jul 12 2033 02:53:41 GMT-0300 (hora estándar de Argentina) nicolaspiersanti@hotmail.com
Sesion iniciada con exito en el horario por el usuario : Tue Jul 12 2033 02:56:00 GMT-0300 (hora estándar de Argentina) nicolaspiersanti@hotmail.com
Sesion iniciada con exito en el horario por el usuario : Tue Jul 12 2033 02:56:30 GMT-0300 (hora estándar de Argentina) nicolaspiersanti@hotmail.com
Sesion iniciada con exito en el horario por el usuario : Tue Jul 12 2033 02:56:54 GMT-0300 (hora estándar de Argentina) nicolaspiersanti@hotmail.com
Sesion iniciada con exito en el horario por el usuario : Tue Jul 12 2033 02:58:25 GMT-0300 (hora estándar de Argentina) nicolaspiersanti@hotmail.com
Sesion iniciada con exito en el horario por el usuario : Tue Jul 12 2033 02:58:39 GMT-0300 (hora estándar de Argentina) nicolaspiersanti@hotmail.com
Sesion iniciada con exito en el horario por el usuario : Tue Jul 12 2033 02:59:48 GMT-0300 (hora estándar de Argentina) nicolaspiersanti@hotmail.com
Sesion iniciada con exito en el horario por el usuario : Tue Jul 12 2033 03:01:26 GMT-0300 (hora estándar de Argentina) nicolaspiersanti@hotmail.com
Sesion iniciada con exito en el horario por el usuario : Tue Jul 12 2033 03:07:09 GMT-0300 (hora estándar de Argentina) nicolaspiersanti@hotmail.com
Sesion iniciada con exito en el horario por el usuario : Tue Jul 12 2033 03:08:42 GMT-0300 (hora estándar de Argentina) nicolaspiersanti@hotmail.com
Sesion iniciada con exito en el horario por el usuario : Tue Jul 12 2033 15:09:30 GMT-0300 (hora estándar de Argentina) nicolaspiersanti@hotmail.com
Sesion iniciada con exito en el horario por el usuario : Tue Jul 12 2033 15:11:20 GMT-0300 (hora estándar de Argentina) nicolaspiersanti@hotmail.com
Sesion iniciada con exito en el horario por el usuario : Fri Jul 15 2033 15:07:22 GMT-0300 (hora estándar de Argentina) nicolaspiersanti@hotmail.com
Sesion iniciada con exito en el horario por el usuario : Fri Jul 15 2033 15:24:12 GMT-0300 (hora estándar de Argentina) nicolaspiersanti@hotmail.com
Sesion iniciada con exito en el horario por el usuario : Fri Jul 15 2033 15:29:22 GMT-0300 (hora estándar de Argentina) nicolaspiersanti@hotmail.com
Sesion iniciada con exito en el horario por el usuario : Fri Jul 15 2033 19:51:10 GMT-0300 (hora estándar de Argentina) nicolaspiersanti@hotmail.com
Sesion iniciada con exito en el horario por el usuario : Fri Jul 15 2033 19:51:47 GMT-0300 (hora estándar de Argentina) nicolaspiersanti@hotmail.com
Sesion iniciada con exito en el horario por el usuario : Fri Jul 15 2033 19:52:18 GMT-0300 (hora estándar de Argentina) nicolaspiersanti@hotmail.com
Sesion iniciada con exito en el horario por el usuario : Fri Jul 15 2033 20:13:01 GMT-0300 (hora estándar de Argentina) nicolaspiersanti@hotmail.com
Sesion iniciada con exito en el horario por el usuario : Fri Jul 15 2033 20:24:56 GMT-0300 (hora estándar de Argentina) nicolaspiersanti@hotmail.com
Sesion iniciada con exito en el horario por el usuario : Fri Jul 15 2033 20:28:59 GMT-0300 (hora estándar de Argentina) nicolaspiersanti@hotmail.com
Sesion iniciada con exito en el horario por el usuario : Fri Jul 15 2033 20:29:36 GMT-0300 (hora estándar de Argentina) nicolaspiersanti@hotmail.com
Sesion iniciada con exito en el horario por el usuario : Fri Jul 15 2033 20:33:15 GMT-0300 (hora estándar de Argentina) nicolaspiersanti@hotmail.com
Sesion iniciada con exito en el horario por el usuario : Fri Jul 15 2033 20:34:41 GMT-0300 (hora estándar de Argentina) nicolaspiersanti@hotmail.com
Sesion iniciada con exito en el horario por el usuario : Fri Jul 15 2033 20:35:25 GMT-0300 (hora estándar de Argentina) nicolaspiersanti@hotmail.com
Sesion iniciada con exito en el horario por el usuario : Fri Jul 15 2033 20:39:51 GMT-0300 (hora estándar de Argentina) nicolaspiersanti@hotmail.com
Sesion iniciada con exito en el horario por el usuario : Fri Jul 15 2033 20:45:44 GMT-0300 (hora estándar de Argentina) nicolaspiersanti@hotmail.com
Sesion iniciada con exito en el horario por el usuario : Fri Jul 15 2033 20:49:07 GMT-0300 (hora estándar de Argentina) nicolaspiersanti@hotmail.com
Sesion iniciada con exito en el horario por el usuario : Fri Jul 15 2033 20:49:44 GMT-0300 (hora estándar de Argentina) nicolaspiersanti@hotmail.com
Sesion iniciada con exito en el horario por el usuario : Fri Jul 15 2033 20:52:05 GMT-0300 (hora estándar de Argentina) nicolaspiersanti@hotmail.com
Sesion iniciada con exito en el horario por el usuario : Fri Jul 15 2033 20:52:54 GMT-0300 (hora estándar de Argentina) nicolaspiersanti@hotmail.com
Sesion iniciada con exito en el horario por el usuario : Fri Jul 15 2033 20:54:51 GMT-0300 (hora estándar de Argentina) nicolaspiersanti@hotmail.com
Sesion iniciada con exito en el horario por el usuario : Fri Jul 15 2033 20:56:27 GMT-0300 (hora estándar de Argentina) nicolaspiersanti@hotmail.com
Sesion iniciada con exito en el horario por el usuario : Fri Jul 15 2033 20:58:36 GMT-0300 (hora estándar de Argentina) nicolaspiersanti@hotmail.com
Sesion iniciada con exito en el horario por el usuario : Fri Jul 15 2033 20:59:18 GMT-0300 (hora estándar de Argentina) nicolaspiersanti@hotmail.com
Sesion iniciada con exito en el horario por el usuario : Fri Jul 15 2033 21:00:07 GMT-0300 (hora estándar de Argentina) nicolaspiersanti@hotmail.com
Sesion iniciada con exito en el horario por el usuario : Fri Jul 15 2033 21:01:07 GMT-0300 (hora estándar de Argentina) nicolaspiersanti@hotmail.com
Sesion iniciada con exito en el horario por el usuario : Fri Jul 15 2033 21:03:20 GMT-0300 (hora estándar de Argentina) nicolaspiersanti@hotmail.com
Sesion iniciada con exito en el horario por el usuario : Fri Jul 15 2033 21:06:36 GMT-0300 (hora estándar de Argentina) nicolaspiersanti@hotmail.com
Sesion iniciada con exito en el horario por el usuario : Fri Jul 15 2033 21:07:35 GMT-0300 (hora estándar de Argentina) nicolaspiersanti@hotmail.com
Sesion iniciada con exito en el horario por el usuario : Fri Jul 15 2033 21:11:27 GMT-0300 (hora estándar de Argentina) nicolaspiersanti@hotmail.com
Sesion iniciada con exito en el horario por el usuario : Fri Jul 15 2033 21:20:20 GMT-0300 (hora estándar de Argentina) nicolaspiersanti@hotmail.com
Sesion iniciada con exito en el horario por el usuario : Fri Jul 15 2033 21:25:12 GMT-0300 (hora estándar de Argentina) nicolaspiersanti@hotmail.com
Sesion iniciada con exito en el horario por el usuario : Fri Jul 15 2033 21:25:46 GMT-0300 (hora estándar de Argentina) nicolaspiersanti@hotmail.com
Sesion iniciada con exito en el horario por el usuario : Fri Jul 15 2033 21:27:26 GMT-0300 (hora estándar de Argentina) nicolaspiersanti@hotmail.com
Sesion iniciada con exito en el horario por el usuario : Fri Jul 15 2033 21:29:10 GMT-0300 (hora estándar de Argentina) nicolaspiersanti@hotmail.com
Sesion iniciada con exito en el horario por el usuario : Fri Jul 15 2033 21:32:35 GMT-0300 (hora estándar de Argentina) nicolaspiersanti@hotmail.com
Sesion iniciada con exito en el horario por el usuario : Fri Jul 15 2033 21:33:51 GMT-0300 (hora estándar de Argentina) nicolaspiersanti@hotmail.com
Sesion iniciada con exito en el horario por el usuario : Fri Jul 15 2033 21:40:38 GMT-0300 (hora estándar de Argentina) nicolaspiersanti@hotmail.com
Sesion iniciada con exito en el horario por el usuario : Fri Jul 15 2033 22:01:02 GMT-0300 (hora estándar de Argentina) nicolaspiersanti@hotmail.com
Sesion iniciada con exito en el horario por el usuario : Fri Jul 15 2033 22:30:28 GMT-0300 (hora estándar de Argentina) nicolaspiersanti@hotmail.com
Sesion iniciada con exito en el horario por el usuario : Fri Jul 15 2033 22:30:59 GMT-0300 (hora estándar de Argentina) nicolaspiersanti@hotmail.com
Sesion iniciada con exito en el horario por el usuario : Fri Jul 15 2033 22:32:26 GMT-0300 (hora estándar de Argentina) nicolaspiersanti@hotmail.com
Sesion iniciada con exito en el horario por el usuario : Fri Jul 15 2033 22:32:48 GMT-0300 (hora estándar de Argentina) nicolaspiersanti@hotmail.com
Sesion iniciada con exito en el horario por el usuario : Fri Jul 15 2033 22:33:02 GMT-0300 (hora estándar de Argentina) nicolaspiersanti@hotmail.com
Sesion iniciada con exito en el horario por el usuario : Sat Jul 16 2033 11:10:54 GMT-0300 (hora estándar de Argentina) nicolaspiersanti@hotmail.com
Sesion iniciada con exito en el horario por el usuario : Sat Jul 16 2033 11:12:57 GMT-0300 (hora estándar de Argentina) nicolaspiersanti@hotmail.com
Sesion iniciada con exito en el horario por el usuario : Sat Jul 16 2033 11:14:22 GMT-0300 (hora estándar de Argentina) nicolaspiersanti@hotmail.com
Sesion iniciada con exito en el horario por el usuario : Sat Jul 16 2033 12:44:26 GMT-0300 (hora estándar de Argentina) nicolaspiersanti@hotmail.com
Sesion iniciada con exito en el horario por el usuario : Sat Jul 16 2033 12:44:41 GMT-0300 (hora estándar de Argentina) nicolaspiersanti@hotmail.com
Sesion iniciada con exito en el horario por el usuario : Sat Jul 16 2033 12:45:38 GMT-0300 (hora estándar de Argentina) nicolaspiersanti@hotmail.com
Sesion iniciada con exito en el horario por el usuario : Sat Jul 16 2033 13:04:02 GMT-0300 (hora estándar de Argentina) nicolaspiersanti@hotmail.com
Sesion iniciada con exito en el horario por el usuario : Sat Jul 16 2033 13:04:08 GMT-0300 (hora estándar de Argentina) nicolaspiersanti@hotmail.com
Sesion iniciada con exito en el horario por el usuario : Sat Jul 16 2033 13:07:00 GMT-0300 (hora estándar de Argentina) nicolaspiersanti@hotmail.com
Sesion iniciada con exito en el horario por el usuario : Sat Jul 16 2033 13:08:29 GMT-0300 (hora estándar de Argentina) nicolaspiersanti@hotmail.com
Sesion iniciada con exito en el horario por el usuario : Sat Jul 16 2033 13:09:44 GMT-0300 (hora estándar de Argentina) nicolaspiersanti@hotmail.com
Sesion iniciada con exito en el horario por el usuario : Sat Jul 16 2033 13:14:21 GMT-0300 (hora estándar de Argentina) nicolaspiersanti@hotmail.com
Sesion iniciada con exito en el horario por el usuario : Sat Jul 16 2033 13:20:22 GMT-0300 (hora estándar de Argentina) nicolaspiersanti@hotmail.com
Sesion iniciada con exito en el horario por el usuario : Sat Jul 16 2033 13:20:58 GMT-0300 (hora estándar de Argentina) nicolaspiersanti@hotmail.com
Sesion iniciada con exito en el horario por el usuario : Sat Jul 16 2033 13:21:56 GMT-0300 (hora estándar de Argentina) nicolaspiersanti@hotmail.com
Sesion iniciada con exito en el horario por el usuario : Sat Jul 16 2033 13:23:53 GMT-0300 (hora estándar de Argentina) nicolaspiersanti@hotmail.com
Sesion iniciada con exito en el horario por el usuario : Sat Jul 16 2033 13:26:43 GMT-0300 (hora estándar de Argentina) nicolaspiersanti@hotmail.com
Sesion iniciada con exito en el horario por el usuario : Sat Jul 16 2033 13:27:30 GMT-0300 (hora estándar de Argentina) nicolaspiersanti@hotmail.com
Sesion iniciada con exito en el horario por el usuario : Sat Jul 16 2033 13:33:12 GMT-0300 (hora estándar de Argentina) nicolaspiersanti@hotmail.com
Sesion iniciada con exito en el horario por el usuario : Sat Jul 16 2033 13:34:58 GMT-0300 (hora estándar de Argentina) nicolaspiersanti@hotmail.com
Sesion iniciada con exito en el horario por el usuario : Sat Jul 16 2033 13:35:54 GMT-0300 (hora estándar de Argentina) nicolaspiersanti@hotmail.com
Sesion iniciada con exito en el horario por el usuario : Sat Jul 16 2033 13:39:21 GMT-0300 (hora estándar de Argentina) nicolaspiersanti@hotmail.com
Sesion iniciada con exito en el horario por el usuario : Sat Jul 16 2033 13:40:40 GMT-0300 (hora estándar de Argentina) nicolaspiersanti@hotmail.com
Sesion iniciada con exito en el horario por el usuario : Sat Jul 16 2033 14:41:55 GMT-0300 (hora estándar de Argentina) nicolaspiersanti@hotmail.com
Sesion iniciada con exito en el horario por el usuario : Sat Jul 16 2033 14:42:03 GMT-0300 (hora estándar de Argentina) nicolaspiersanti@hotmail.com
Sesion iniciada con exito en el horario por el usuario : Sat Jul 16 2033 14:59:10 GMT-0300 (hora estándar de Argentina) nicolaspiersanti@hotmail.com
Sesion iniciada con exito en el horario por el usuario : Sat Jul 16 2033 18:06:12 GMT-0300 (hora estándar de Argentina) nicolaspiersanti@hotmail.com
Sesion iniciada con exito en el horario por el usuario : Sat Jul 16 2033 18:07:30 GMT-0300 (hora estándar de Argentina) nicolaspiersanti@hotmail.com
Sesion iniciada con exito en el horario por el usuario : Sat Jul 16 2033 18:11:08 GMT-0300 (hora estándar de Argentina) nicolaspiersanti@hotmail.com
Sesion iniciada con exito en el horario por el usuario : Sat Jul 16 2033 18:18:36 GMT-0300 (hora estándar de Argentina) nicolaspiersanti@hotmail.com
Sesion iniciada con exito en el horario por el usuario : Sat Jul 16 2033 18:19:59 GMT-0300 (hora estándar de Argentina) nicolaspiersanti@hotmail.com
Sesion iniciada con exito en el horario por el usuario : Sat Jul 16 2033 18:23:15 GMT-0300 (hora estándar de Argentina) nicolaspiersanti@hotmail.com
Sesion iniciada con exito en el horario por el usuario : Sat Jul 16 2033 18:37:40 GMT-0300 (hora estándar de Argentina) nicolaspiersanti@hotmail.com
Sesion iniciada con exito en el horario por el usuario : Sat Jul 16 2033 18:44:06 GMT-0300 (hora estándar de Argentina) nicolaspiersanti@hotmail.com
Sesion iniciada con exito en el horario por el usuario : Sat Jul 16 2033 18:47:20 GMT-0300 (hora estándar de Argentina) nicolaspiersanti@hotmail.com
Sesion iniciada con exito en el horario por el usuario : Sat Jul 16 2033 19:02:49 GMT-0300 (hora estándar de Argentina) nicolaspiersanti@hotmail.com
Sesion iniciada con exito en el horario por el usuario : Sat Jul 16 2033 19:04:10 GMT-0300 (hora estándar de Argentina) nicolaspiersanti@hotmail.com
Sesion iniciada con exito en el horario por el usuario : Sat Jul 16 2033 19:04:39 GMT-0300 (hora estándar de Argentina) nicolaspiersanti@hotmail.com
Sesion iniciada con exito en el horario por el usuario : Sat Jul 16 2033 19:06:33 GMT-0300 (hora estándar de Argentina) nicolaspiersanti@hotmail.com
Sesion iniciada con exito en el horario por el usuario : Sat Jul 16 2033 19:11:53 GMT-0300 (hora estándar de Argentina) nicolaspiersanti@hotmail.com
Sesion iniciada con exito en el horario por el usuario : Sat Jul 16 2033 19:31:05 GMT-0300 (hora estándar de Argentina) nicolaspiersanti@hotmail.com
Sesion iniciada con exito en el horario por el usuario : Sat Jul 16 2033 19:31:34 GMT-0300 (hora estándar de Argentina) nicolaspiersanti@hotmail.com
Sesion iniciada con exito en el horario por el usuario : Sat Jul 16 2033 19:33:29 GMT-0300 (hora estándar de Argentina) nicolaspiersanti@hotmail.com
Sesion iniciada con exito en el horario por el usuario : Sat Jul 16 2033 19:34:19 GMT-0300 (hora estándar de Argentina) nicolaspiersanti@hotmail.com
Sesion iniciada con exito en el horario por el usuario : Sat Jul 16 2033 19:36:24 GMT-0300 (hora estándar de Argentina) nicolaspiersanti@hotmail.com
Sesion iniciada con exito en el horario por el usuario : Sat Jul 16 2033 19:37:19 GMT-0300 (hora estándar de Argentina) nicolaspiersanti@hotmail.com
Sesion iniciada con exito en el horario por el usuario : Sat Jul 16 2033 19:38:41 GMT-0300 (hora estándar de Argentina) nicolaspiersanti@hotmail.com
Sesion iniciada con exito en el horario por el usuario : Sat Jul 16 2033 19:40:10 GMT-0300 (hora estándar de Argentina) nicolaspiersanti@hotmail.com
Sesion iniciada con exito en el horario por el usuario : Sat Jul 16 2033 19:40:36 GMT-0300 (hora estándar de Argentina) nicolaspiersanti@hotmail.com
Sesion iniciada con exito en el horario por el usuario : Sat Jul 16 2033 19:41:05 GMT-0300 (hora estándar de Argentina) nicolaspiersanti@hotmail.com
Sesion iniciada con exito en el horario por el usuario : Sat Jul 16 2033 19:43:49 GMT-0300 (hora estándar de Argentina) nicolaspiersanti@hotmail.com
Sesion iniciada con exito en el horario por el usuario : Sat Jul 16 2033 19:45:06 GMT-0300 (hora estándar de Argentina) nicolaspiersanti@hotmail.com
Sesion iniciada con exito en el horario por el usuario : Sat Jul 16 2033 19:45:50 GMT-0300 (hora estándar de Argentina) nicolaspiersanti@hotmail.com
Sesion iniciada con exito en el horario por el usuario : Sat Jul 16 2033 19:46:15 GMT-0300 (hora estándar de Argentina) nicolaspiersanti@hotmail.com
Sesion iniciada con exito en el horario por el usuario : Sun Jul 17 2033 13:08:08 GMT-0300 (hora estándar de Argentina) nicolaspiersanti@hotmail.com
Sesion iniciada con exito en el horario por el usuario : Sun Jul 17 2033 13:13:08 GMT-0300 (hora estándar de Argentina) nicolaspiersanti@hotmail.com
Sesion iniciada con exito en el horario por el usuario : Sun Jul 17 2033 14:44:47 GMT-0300 (hora estándar de Argentina) nicolaspiersanti@hotmail.com
Sesion iniciada con exito en el horario por el usuario : Sun Jul 17 2033 14:46:57 GMT-0300 (hora estándar de Argentina) nicolaspiersanti@hotmail.com
Sesion iniciada con exito en el horario por el usuario : Sun Jul 17 2033 14:48:02 GMT-0300 (hora estándar de Argentina) nicolaspiersanti@hotmail.com
Sesion iniciada con exito en el horario por el usuario : Sun Jul 17 2033 14:48:47 GMT-0300 (hora estándar de Argentina) nicolaspiersanti@hotmail.com
Sesion iniciada con exito en el horario por el usuario : Sun Jul 17 2033 14:55:42 GMT-0300 (hora estándar de Argentina) nicolaspiersanti@hotmail.com
Sesion iniciada con exito en el horario por el usuario : Sun Jul 17 2033 14:56:00 GMT-0300 (hora estándar de Argentina) nicolaspiersanti@hotmail.com
Sesion iniciada con exito en el horario por el usuario : Sun Jul 17 2033 14:56:12 GMT-0300 (hora estándar de Argentina) nicolaspiersanti@hotmail.com
Sesion iniciada con exito en el horario por el usuario : Sun Jul 17 2033 14:56:19 GMT-0300 (hora estándar de Argentina) nicolaspiersanti@hotmail.com
Sesion iniciada con exito en el horario por el usuario : Sun Jul 17 2033 14:59:11 GMT-0300 (hora estándar de Argentina) nicolaspiersanti@hotmail.com
Sesion iniciada con exito en el horario por el usuario : Sun Jul 17 2033 14:59:50 GMT-0300 (hora estándar de Argentina) nicolaspiersanti@hotmail.com
Sesion iniciada con exito en el horario por el usuario : Sun Jul 17 2033 15:00:40 GMT-0300 (hora estándar de Argentina) nicolaspiersanti@hotmail.com
Sesion iniciada con exito en el horario por el usuario : Sun Jul 17 2033 15:05:23 GMT-0300 (hora estándar de Argentina) nicolaspiersanti@hotmail.com
Sesion iniciada con exito en el horario por el usuario : Sun Jul 17 2033 15:08:53 GMT-0300 (hora estándar de Argentina) nicolaspiersanti@hotmail.com
Sesion iniciada con exito en el horario por el usuario : Sun Jul 17 2033 15:09:52 GMT-0300 (hora estándar de Argentina) nicolaspiersanti@hotmail.com
Sesion iniciada con exito en el horario por el usuario : Sun Jul 17 2033 15:13:06 GMT-0300 (hora estándar de Argentina) nicolaspiersanti@hotmail.com
Sesion iniciada con exito en el horario por el usuario : Sun Jul 17 2033 15:16:35 GMT-0300 (hora estándar de Argentina) nicolaspiersanti@hotmail.com
Sesion iniciada con exito en el horario por el usuario : Sun Jul 17 2033 15:17:12 GMT-0300 (hora estándar de Argentina) nicolaspiersanti@hotmail.com
Sesion iniciada con exito en el horario por el usuario : Sun Jul 17 2033 15:18:49 GMT-0300 (hora estándar de Argentina) nicolaspiersanti@hotmail.com
Sesion iniciada con exito en el horario por el usuario : Sun Jul 17 2033 15:25:48 GMT-0300 (hora estándar de Argentina) nicolaspiersanti@hotmail.com
Sesion iniciada con exito en el horario por el usuario : Sun Jul 17 2033 15:25:53 GMT-0300 (hora estándar de Argentina) nicolaspiersanti@hotmail.com
Sesion iniciada con exito en el horario por el usuario : Sun Jul 17 2033 15:34:55 GMT-0300 (hora estándar de Argentina) nicolaspiersanti@hotmail.com
Sesion iniciada con exito en el horario por el usuario : Sun Jul 17 2033 15:42:08 GMT-0300 (hora estándar de Argentina) nicolaspiersanti@hotmail.com
Sesion iniciada con exito en el horario por el usuario : Sun Jul 17 2033 15:42:52 GMT-0300 (hora estándar de Argentina) nicolaspiersanti@hotmail.com
Sesion iniciada con exito en el horario por el usuario : Sun Jul 17 2033 15:43:22 GMT-0300 (hora estándar de Argentina) nicolaspiersanti@hotmail.com
Sesion iniciada con exito en el horario por el usuario : Sun Jul 17 2033 15:44:53 GMT-0300 (hora estándar de Argentina) nicolaspiersanti@hotmail.com
Sesion iniciada con exito en el horario por el usuario : Sun Jul 17 2033 15:45:44 GMT-0300 (hora estándar de Argentina) nicolaspiersanti@hotmail.com
Sesion iniciada con exito en el horario por el usuario : Sun Jul 17 2033 15:45:52 GMT-0300 (hora estándar de Argentina) nicolaspiersanti@hotmail.com
Sesion iniciada con exito en el horario por el usuario : Sun Jul 17 2033 15:47:23 GMT-0300 (hora estándar de Argentina) nicolaspiersanti@hotmail.com
Sesion iniciada con exito en el horario por el usuario : Sun Jul 17 2033 15:48:15 GMT-0300 (hora estándar de Argentina) nicolaspiersanti@hotmail.com
Sesion iniciada con exito en el horario por el usuario : Sun Jul 17 2033 15:51:39 GMT-0300 (hora estándar de Argentina) nicolaspiersanti@hotmail.com
Sesion iniciada con exito en el horario por el usuario : Sun Jul 17 2033 15:52:06 GMT-0300 (hora estándar de Argentina) nicolaspiersanti@hotmail.com
Sesion iniciada con exito en el horario por el usuario : Sun Jul 17 2033 15:57:46 GMT-0300 (hora estándar de Argentina) nicolaspiersanti@hotmail.com
Sesion iniciada con exito en el horario por el usuario : Sun Jul 17 2033 15:57:50 GMT-0300 (hora estándar de Argentina) nicolaspiersanti@hotmail.com
Sesion iniciada con exito en el horario por el usuario : Sun Jul 17 2033 16:01:07 GMT-0300 (hora estándar de Argentina) nicolaspiersanti@hotmail.com
Sesion iniciada con exito en el horario por el usuario : Sun Jul 17 2033 16:05:40 GMT-0300 (hora estándar de Argentina) nicolaspiersanti@hotmail.com
Sesion iniciada con exito en el horario por el usuario : Sun Jul 17 2033 16:06:40 GMT-0300 (hora estándar de Argentina) nicolaspiersanti@hotmail.com
Sesion iniciada con exito en el horario por el usuario : Sun Jul 17 2033 16:08:54 GMT-0300 (hora estándar de Argentina) nicolaspiersanti@hotmail.com
Sesion iniciada con exito en el horario por el usuario : Sun Jul 17 2033 16:10:48 GMT-0300 (hora estándar de Argentina) nicolaspiersanti@hotmail.com
Sesion iniciada con exito en el horario por el usuario : Sun Jul 17 2033 16:11:44 GMT-0300 (hora estándar de Argentina) nicolaspiersanti@hotmail.com
Sesion iniciada con exito en el horario por el usuario : Sun Jul 17 2033 16:14:11 GMT-0300 (hora estándar de Argentina) nicolaspiersanti@hotmail.com
Sesion iniciada con exito en el horario por el usuario : Sun Jul 17 2033 16:14:56 GMT-0300 (hora estándar de Argentina) nicolaspiersanti@hotmail.com
Sesion iniciada con exito en el horario por el usuario : Sun Jul 17 2033 16:17:40 GMT-0300 (hora estándar de Argentina) nicolaspiersanti@hotmail.com
Sesion iniciada con exito en el horario por el usuario : Sun Jul 17 2033 16:19:02 GMT-0300 (hora estándar de Argentina) nicolaspiersanti@hotmail.com
Sesion iniciada con exito en el horario por el usuario : Sun Jul 17 2033 16:20:04 GMT-0300 (hora estándar de Argentina) nicolaspiersanti@hotmail.com
Sesion iniciada con exito en el horario por el usuario : Sun Jul 17 2033 17:01:09 GMT-0300 (hora estándar de Argentina) nicolaspiersanti@hotmail.com
Sesion iniciada con exito en el horario por el usuario : Sun Jul 17 2033 17:01:49 GMT-0300 (hora estándar de Argentina) nicolaspiersanti@hotmail.com
Sesion iniciada con exito en el horario por el usuario : Sun Jul 17 2033 17:03:12 GMT-0300 (hora estándar de Argentina) nicolaspiersanti@hotmail.com
Sesion iniciada con exito en el horario por el usuario : Sun Jul 17 2033 17:03:55 GMT-0300 (hora estándar de Argentina) nicolaspiersanti@hotmail.com
Sesion iniciada con exito en el horario por el usuario : Sun Jul 17 2033 17:05:15 GMT-0300 (hora estándar de Argentina) nicolaspiersanti@hotmail.com
Sesion iniciada con exito en el horario por el usuario : Sun Jul 17 2033 17:07:55 GMT-0300 (hora estándar de Argentina) nicolaspiersanti@hotmail.com
Sesion iniciada con exito en el horario por el usuario : Sun Jul 17 2033 17:09:14 GMT-0300 (hora estándar de Argentina) nicolaspiersanti@hotmail.com
Sesion iniciada con exito en el horario por el usuario : Sun Jul 17 2033 17:27:14 GMT-0300 (hora estándar de Argentina) nicolaspiersanti@hotmail.com
Sesion iniciada con exito en el horario por el usuario : Sun Jul 17 2033 17:34:46 GMT-0300 (hora estándar de Argentina) nicolaspiersanti@hotmail.com
Sesion iniciada con exito en el horario por el usuario : Sun Jul 17 2033 17:48:29 GMT-0300 (hora estándar de Argentina) nicolaspiersanti@hotmail.com
Sesion iniciada con exito en el horario por el usuario : Sun Jul 17 2033 17:54:10 GMT-0300 (hora estándar de Argentina) nicolaspiersanti@hotmail.com
Sesion iniciada con exito en el horario por el usuario : Sun Jul 17 2033 17:54:51 GMT-0300 (hora estándar de Argentina) nicolaspiersanti@hotmail.com
Sesion iniciada con exito en el horario por el usuario : Sun Jul 17 2033 17:55:33 GMT-0300 (hora estándar de Argentina) nicolaspiersanti@hotmail.com
Sesion iniciada con exito en el horario por el usuario : Sun Jul 17 2033 17:57:57 GMT-0300 (hora estándar de Argentina) nicolaspiersanti@hotmail.com
Sesion iniciada con exito en el horario por el usuario : Sun Jul 17 2033 17:59:08 GMT-0300 (hora estándar de Argentina) nicolaspiersanti@hotmail.com
Sesion iniciada con exito en el horario por el usuario : Sun Jul 17 2033 18:00:23 GMT-0300 (hora estándar de Argentina) nicolaspiersanti@hotmail.com
Sesion iniciada con exito en el horario por el usuario : Sun Jul 17 2033 18:00:46 GMT-0300 (hora estándar de Argentina) nicolaspiersanti@hotmail.com
Sesion iniciada con exito en el horario por el usuario : Sun Jul 17 2033 18:01:20 GMT-0300 (hora estándar de Argentina) nicolaspiersanti@hotmail.com
Sesion iniciada con exito en el horario por el usuario : Sun Jul 17 2033 18:01:25 GMT-0300 (hora estándar de Argentina) nicolaspiersanti@hotmail.com
Sesion iniciada con exito en el horario por el usuario : Sun Jul 17 2033 18:03:08 GMT-0300 (hora estándar de Argentina) nicolaspiersanti@hotmail.com
Sesion iniciada con exito en el horario por el usuario : Sun Jul 17 2033 18:03:58 GMT-0300 (hora estándar de Argentina) nicolaspiersanti@hotmail.com
Sesion iniciada con exito en el horario por el usuario : Sun Jul 17 2033 18:14:34 GMT-0300 (hora estándar de Argentina) nicolaspiersanti@hotmail.com
Sesion iniciada con exito en el horario por el usuario : Sun Jul 17 2033 18:16:25 GMT-0300 (hora estándar de Argentina) nicolaspiersanti@hotmail.com
Sesion iniciada con exito en el horario por el usuario : Sun Jul 17 2033 18:17:16 GMT-0300 (hora estándar de Argentina) nicolaspiersanti@hotmail.com
Sesion iniciada con exito en el horario por el usuario : Sun Jul 17 2033 18:17:51 GMT-0300 (hora estándar de Argentina) nicolaspiersanti@hotmail.com
Sesion iniciada con exito en el horario por el usuario : Sun Jul 17 2033 18:18:03 GMT-0300 (hora estándar de Argentina) nicolaspiersanti@hotmail.com
Sesion iniciada con exito en el horario por el usuario : Sun Jul 17 2033 18:18:54 GMT-0300 (hora estándar de Argentina) nicolaspiersanti@hotmail.com
Sesion iniciada con exito en el horario por el usuario : Sun Jul 17 2033 18:20:21 GMT-0300 (hora estándar de Argentina) nicolaspiersanti@hotmail.com
Sesion iniciada con exito en el horario por el usuario : Sun Jul 17 2033 18:20:27 GMT-0300 (hora estándar de Argentina) nicolaspiersanti@hotmail.com
Sesion iniciada con exito en el horario por el usuario : Sun Jul 17 2033 18:39:48 GMT-0300 (hora estándar de Argentina) nicolaspiersanti@hotmail.com
Sesion iniciada con exito en el horario por el usuario : Sun Jul 17 2033 18:49:56 GMT-0300 (hora estándar de Argentina) nicolaspiersanti@hotmail.com
Sesion iniciada con exito en el horario por el usuario : Sun Jul 17 2033 18:51:24 GMT-0300 (hora estándar de Argentina) nicolaspiersanti@hotmail.com
Sesion iniciada con exito en el horario por el usuario : Sun Jul 17 2033 18:54:03 GMT-0300 (hora estándar de Argentina) nicolaspiersanti@hotmail.com
Sesion iniciada con exito en el horario por el usuario : Sun Jul 17 2033 18:54:24 GMT-0300 (hora estándar de Argentina) nicolaspiersanti@hotmail.com
Sesion iniciada con exito en el horario por el usuario : Sun Jul 17 2033 18:54:57 GMT-0300 (hora estándar de Argentina) nicolaspiersanti@hotmail.com
Sesion iniciada con exito en el horario por el usuario : Sun Jul 17 2033 18:59:20 GMT-0300 (hora estándar de Argentina) nicolaspiersanti@hotmail.com
Sesion iniciada con exito en el horario por el usuario : Sun Jul 17 2033 18:59:34 GMT-0300 (hora estándar de Argentina) nicolaspiersanti@hotmail.com
Sesion iniciada con exito en el horario por el usuario : Sun Jul 17 2033 19:13:02 GMT-0300 (hora estándar de Argentina) nicolaspiersanti@hotmail.com
Sesion iniciada con exito en el horario por el usuario : Sun Jul 17 2033 19:13:08 GMT-0300 (hora estándar de Argentina) nicolaspiersanti@hotmail.com
Sesion iniciada con exito en el horario por el usuario : Sun Jul 17 2033 19:22:20 GMT-0300 (hora estándar de Argentina) nicolaspiersanti@hotmail.com
Sesion iniciada con exito en el horario por el usuario : Sun Jul 17 2033 19:28:57 GMT-0300 (hora estándar de Argentina) nicolaspiersanti@hotmail.com
Sesion iniciada con exito en el horario por el usuario : Sun Jul 17 2033 19:29:35 GMT-0300 (hora estándar de Argentina) nicolaspiersanti@hotmail.com
Sesion iniciada con exito en el horario por el usuario : Sun Jul 17 2033 19:38:14 GMT-0300 (hora estándar de Argentina) nicolaspiersanti@hotmail.com
Sesion iniciada con exito en el horario por el usuario : Sun Jul 17 2033 19:38:20 GMT-0300 (hora estándar de Argentina) nicolaspiersanti@hotmail.com
Sesion iniciada con exito en el horario por el usuario : Sun Jul 17 2033 19:38:53 GMT-0300 (hora estándar de Argentina) nicolaspiersanti@hotmail.com
Sesion iniciada con exito en el horario por el usuario : Sun Jul 17 2033 19:40:00 GMT-0300 (hora estándar de Argentina) nicolaspiersanti@hotmail.com
Sesion iniciada con exito en el horario por el usuario : Sun Jul 17 2033 20:42:29 GMT-0300 (hora estándar de Argentina) nicolaspiersanti@hotmail.com
Sesion iniciada con exito en el horario por el usuario : Sun Jul 17 2033 20:44:42 GMT-0300 (hora estándar de Argentina) nicolaspiersanti@hotmail.com
Sesion iniciada con exito en el horario por el usuario : Sun Jul 17 2033 20:47:04 GMT-0300 (hora estándar de Argentina) nicolaspiersanti@hotmail.com
Sesion iniciada con exito en el horario por el usuario : Sun Jul 17 2033 20:48:44 GMT-0300 (hora estándar de Argentina) nicolaspiersanti@hotmail.com
Sesion iniciada con exito en el horario por el usuario : Sun Jul 17 2033 20:49:38 GMT-0300 (hora estándar de Argentina) nicolaspiersanti@hotmail.com
Sesion iniciada con exito en el horario por el usuario : Sun Jul 17 2033 20:50:58 GMT-0300 (hora estándar de Argentina) nicolaspiersanti@hotmail.com
Sesion iniciada con exito en el horario por el usuario : Sun Jul 17 2033 20:53:47 GMT-0300 (hora estándar de Argentina) nicolaspiersanti@hotmail.com
Sesion iniciada con exito en el horario por el usuario : Sun Jul 17 2033 21:05:24 GMT-0300 (hora estándar de Argentina) nicolaspiersanti@hotmail.com
Sesion iniciada con exito en el horario por el usuario : Sun Jul 17 2033 21:05:32 GMT-0300 (hora estándar de Argentina) nicolaspiersanti@hotmail.com
Sesion iniciada con exito en el horario por el usuario : Sun Jul 17 2033 21:06:22 GMT-0300 (hora estándar de Argentina) nicolaspiersanti@hotmail.com
Sesion iniciada con exito en el horario por el usuario : Sun Jul 17 2033 21:08:10 GMT-0300 (hora estándar de Argentina) nicolaspiersanti@hotmail.com
Sesion iniciada con exito en el horario por el usuario : Sun Jul 17 2033 21:08:39 GMT-0300 (hora estándar de Argentina) nicolaspiersanti@hotmail.com
Sesion iniciada con exito en el horario por el usuario : Sun Jul 17 2033 21:09:25 GMT-0300 (hora estándar de Argentina) nicolaspiersanti@hotmail.com
Sesion iniciada con exito en el horario por el usuario : Sun Jul 31 2033 15:33:54 GMT-0300 (hora estándar de Argentina) nicolaspiersanti@hotmail.com
Sesion iniciada con exito en el horario por el usuario : Sun Jul 31 2033 19:14:58 GMT-0300 (hora estándar de Argentina) nicolaspiersanti@hotmail.com
Sesion iniciada con exito en el horario por el usuario : Thu Aug 04 2033 20:01:26 GMT-0300 (hora estándar de Argentina) nicolaspiersanti@hotmail.com
Sesion iniciada con exito en el horario por el usuario : Thu Aug 04 2033 20:02:46 GMT-0300 (hora estándar de Argentina) nicolaspiersanti@hotmail.com
Sesion iniciada con exito en el horario por el usuario : Thu Aug 04 2033 20:03:00 GMT-0300 (hora estándar de Argentina) nicolaspiersanti@hotmail.com
Sesion iniciada con exito en el horario por el usuario : Sat Aug 06 2033 21:52:29 GMT-0300 (hora estándar de Argentina) nicolaspiersanti@hotmail.com
Sesion iniciada con exito en el horario por el usuario : Sat Aug 06 2033 21:52:48 GMT-0300 (hora estándar de Argentina) nicolaspiersanti@hotmail.com
