Sesion iniciada con exito en el horario por el usuario : Sun Jul 31 2033 19:16:21 GMT-0300 (hora estándar de Argentina) madrynxxi@hotmail.com
Sesion iniciada con exito en el horario por el usuario : Sun Jul 31 2033 19:22:46 GMT-0300 (hora estándar de Argentina) madrynxxi@hotmail.com
Sesion iniciada con exito en el horario por el usuario : Sun Jul 31 2033 19:22:54 GMT-0300 (hora estándar de Argentina) madrynxxi@hotmail.com
Sesion iniciada con exito en el horario por el usuario : Sun Jul 31 2033 19:28:17 GMT-0300 (hora estándar de Argentina) madrynxxi@hotmail.com
Sesion iniciada con exito en el horario por el usuario : Sun Jul 31 2033 19:33:59 GMT-0300 (hora estándar de Argentina) madrynxxi@hotmail.com
Sesion iniciada con exito en el horario por el usuario : Sun Jul 31 2033 19:34:04 GMT-0300 (hora estándar de Argentina) madrynxxi@hotmail.com
Sesion iniciada con exito en el horario por el usuario : Sun Jul 31 2033 20:06:37 GMT-0300 (hora estándar de Argentina) madrynxxi@hotmail.com
Sesion iniciada con exito en el horario por el usuario : Sun Jul 31 2033 20:56:41 GMT-0300 (hora estándar de Argentina) madrynxxi@hotmail.com
Sesion iniciada con exito en el horario por el usuario : Sun Jul 31 2033 20:57:05 GMT-0300 (hora estándar de Argentina) madrynxxi@hotmail.com
Sesion iniciada con exito en el horario por el usuario : Thu Aug 04 2033 17:48:55 GMT-0300 (hora estándar de Argentina) madrynxxi@hotmail.com
Sesion iniciada con exito en el horario por el usuario : Thu Aug 04 2033 19:27:27 GMT-0300 (hora estándar de Argentina) madrynxxi@hotmail.com
Sesion iniciada con exito en el horario por el usuario : Thu Aug 04 2033 19:40:26 GMT-0300 (hora estándar de Argentina) madrynxxi@hotmail.com
Sesion iniciada con exito en el horario por el usuario : Thu Aug 04 2033 19:42:26 GMT-0300 (hora estándar de Argentina) madrynxxi@hotmail.com
Sesion iniciada con exito en el horario por el usuario : Thu Aug 04 2033 19:58:12 GMT-0300 (hora estándar de Argentina) madrynxxi@hotmail.com
Sesion iniciada con exito en el horario por el usuario : Thu Aug 04 2033 19:58:53 GMT-0300 (hora estándar de Argentina) madrynxxi@hotmail.com
Sesion iniciada con exito en el horario por el usuario : Thu Aug 04 2033 20:00:21 GMT-0300 (hora estándar de Argentina) madrynxxi@hotmail.com
Sesion iniciada con exito en el horario por el usuario : Thu Aug 04 2033 20:01:37 GMT-0300 (hora estándar de Argentina) madrynxxi@hotmail.com
Sesion iniciada con exito en el horario por el usuario : Thu Aug 04 2033 20:02:54 GMT-0300 (hora estándar de Argentina) madrynxxi@hotmail.com
Sesion iniciada con exito en el horario por el usuario : Thu Aug 04 2033 20:21:13 GMT-0300 (hora estándar de Argentina) madrynxxi@hotmail.com
Sesion iniciada con exito en el horario por el usuario : Thu Aug 04 2033 20:22:59 GMT-0300 (hora estándar de Argentina) madrynxxi@hotmail.com
Sesion iniciada con exito en el horario por el usuario : Thu Aug 04 2033 20:26:17 GMT-0300 (hora estándar de Argentina) madrynxxi@hotmail.com
Sesion iniciada con exito en el horario por el usuario : Thu Aug 04 2033 20:30:27 GMT-0300 (hora estándar de Argentina) madrynxxi@hotmail.com
Sesion iniciada con exito en el horario por el usuario : Thu Aug 04 2033 20:30:55 GMT-0300 (hora estándar de Argentina) madrynxxi@hotmail.com
Sesion iniciada con exito en el horario por el usuario : Thu Aug 04 2033 20:33:34 GMT-0300 (hora estándar de Argentina) madrynxxi@hotmail.com
Sesion iniciada con exito en el horario por el usuario : Thu Aug 04 2033 20:33:39 GMT-0300 (hora estándar de Argentina) madrynxxi@hotmail.com
Sesion iniciada con exito en el horario por el usuario : Thu Aug 04 2033 20:34:31 GMT-0300 (hora estándar de Argentina) madrynxxi@hotmail.com
Sesion iniciada con exito en el horario por el usuario : Fri Aug 05 2033 11:13:33 GMT-0300 (hora estándar de Argentina) madrynxxi@hotmail.com
Sesion iniciada con exito en el horario por el usuario : Fri Aug 05 2033 11:13:45 GMT-0300 (hora estándar de Argentina) madrynxxi@hotmail.com
Sesion iniciada con exito en el horario por el usuario : Fri Aug 05 2033 11:16:06 GMT-0300 (hora estándar de Argentina) madrynxxi@hotmail.com
Sesion iniciada con exito en el horario por el usuario : Fri Aug 05 2033 12:10:01 GMT-0300 (hora estándar de Argentina) madrynxxi@hotmail.com
Sesion iniciada con exito en el horario por el usuario : Fri Aug 05 2033 12:10:36 GMT-0300 (hora estándar de Argentina) madrynxxi@hotmail.com
Sesion iniciada con exito en el horario por el usuario : Fri Aug 05 2033 12:11:29 GMT-0300 (hora estándar de Argentina) madrynxxi@hotmail.com
Sesion iniciada con exito en el horario por el usuario : Fri Aug 05 2033 12:13:03 GMT-0300 (hora estándar de Argentina) madrynxxi@hotmail.com
Sesion iniciada con exito en el horario por el usuario : Fri Aug 05 2033 12:16:30 GMT-0300 (hora estándar de Argentina) madrynxxi@hotmail.com
Sesion iniciada con exito en el horario por el usuario : Sat Aug 06 2033 10:20:08 GMT-0300 (hora estándar de Argentina) madrynxxi@hotmail.com
Sesion iniciada con exito en el horario por el usuario : Sat Aug 06 2033 10:32:48 GMT-0300 (hora estándar de Argentina) madrynxxi@hotmail.com
Sesion iniciada con exito en el horario por el usuario : Sat Aug 06 2033 10:52:20 GMT-0300 (hora estándar de Argentina) madrynxxi@hotmail.com
Sesion iniciada con exito en el horario por el usuario : Sat Aug 06 2033 11:00:54 GMT-0300 (hora estándar de Argentina) madrynxxi@hotmail.com
Sesion iniciada con exito en el horario por el usuario : Sat Aug 06 2033 11:03:32 GMT-0300 (hora estándar de Argentina) madrynxxi@hotmail.com
Sesion iniciada con exito en el horario por el usuario : Sat Aug 06 2033 11:07:20 GMT-0300 (hora estándar de Argentina) madrynxxi@hotmail.com
Sesion iniciada con exito en el horario por el usuario : Sat Aug 06 2033 11:08:42 GMT-0300 (hora estándar de Argentina) madrynxxi@hotmail.com
Sesion iniciada con exito en el horario por el usuario : Sat Aug 06 2033 11:12:49 GMT-0300 (hora estándar de Argentina) madrynxxi@hotmail.com
Sesion iniciada con exito en el horario por el usuario : Sat Aug 06 2033 11:14:22 GMT-0300 (hora estándar de Argentina) madrynxxi@hotmail.com
Sesion iniciada con exito en el horario por el usuario : Sat Aug 06 2033 11:18:52 GMT-0300 (hora estándar de Argentina) madrynxxi@hotmail.com
Sesion iniciada con exito en el horario por el usuario : Sat Aug 06 2033 11:20:12 GMT-0300 (hora estándar de Argentina) madrynxxi@hotmail.com
Sesion iniciada con exito en el horario por el usuario : Sat Aug 06 2033 11:28:38 GMT-0300 (hora estándar de Argentina) madrynxxi@hotmail.com
Sesion iniciada con exito en el horario por el usuario : Sat Aug 06 2033 11:28:48 GMT-0300 (hora estándar de Argentina) madrynxxi@hotmail.com
Sesion iniciada con exito en el horario por el usuario : Sat Aug 06 2033 11:30:42 GMT-0300 (hora estándar de Argentina) madrynxxi@hotmail.com
Sesion iniciada con exito en el horario por el usuario : Sat Aug 06 2033 11:35:27 GMT-0300 (hora estándar de Argentina) madrynxxi@hotmail.com
Sesion iniciada con exito en el horario por el usuario : Sat Aug 06 2033 11:35:56 GMT-0300 (hora estándar de Argentina) madrynxxi@hotmail.com
Sesion iniciada con exito en el horario por el usuario : Sat Aug 06 2033 11:41:30 GMT-0300 (hora estándar de Argentina) madrynxxi@hotmail.com
Sesion iniciada con exito en el horario por el usuario : Sat Aug 06 2033 11:42:59 GMT-0300 (hora estándar de Argentina) madrynxxi@hotmail.com
Sesion iniciada con exito en el horario por el usuario : Sat Aug 06 2033 11:44:17 GMT-0300 (hora estándar de Argentina) madrynxxi@hotmail.com
Sesion iniciada con exito en el horario por el usuario : Sat Aug 06 2033 11:44:48 GMT-0300 (hora estándar de Argentina) madrynxxi@hotmail.com
Sesion iniciada con exito en el horario por el usuario : Sat Aug 06 2033 11:46:16 GMT-0300 (hora estándar de Argentina) madrynxxi@hotmail.com
Sesion iniciada con exito en el horario por el usuario : Sat Aug 06 2033 11:47:16 GMT-0300 (hora estándar de Argentina) madrynxxi@hotmail.com
Sesion iniciada con exito en el horario por el usuario : Sat Aug 06 2033 11:50:46 GMT-0300 (hora estándar de Argentina) madrynxxi@hotmail.com
Sesion iniciada con exito en el horario por el usuario : Sat Aug 06 2033 11:51:37 GMT-0300 (hora estándar de Argentina) madrynxxi@hotmail.com
Sesion iniciada con exito en el horario por el usuario : Sat Aug 06 2033 11:52:08 GMT-0300 (hora estándar de Argentina) madrynxxi@hotmail.com
Sesion iniciada con exito en el horario por el usuario : Sat Aug 06 2033 11:53:14 GMT-0300 (hora estándar de Argentina) madrynxxi@hotmail.com
Sesion iniciada con exito en el horario por el usuario : Sat Aug 06 2033 11:54:10 GMT-0300 (hora estándar de Argentina) madrynxxi@hotmail.com
Sesion iniciada con exito en el horario por el usuario : Sat Aug 06 2033 11:55:47 GMT-0300 (hora estándar de Argentina) madrynxxi@hotmail.com
Sesion iniciada con exito en el horario por el usuario : Sat Aug 06 2033 11:56:57 GMT-0300 (hora estándar de Argentina) madrynxxi@hotmail.com
Sesion iniciada con exito en el horario por el usuario : Sat Aug 06 2033 12:00:18 GMT-0300 (hora estándar de Argentina) madrynxxi@hotmail.com
Sesion iniciada con exito en el horario por el usuario : Sat Aug 06 2033 12:02:41 GMT-0300 (hora estándar de Argentina) madrynxxi@hotmail.com
Sesion iniciada con exito en el horario por el usuario : Sat Aug 06 2033 12:03:27 GMT-0300 (hora estándar de Argentina) madrynxxi@hotmail.com
Sesion iniciada con exito en el horario por el usuario : Sat Aug 06 2033 12:04:48 GMT-0300 (hora estándar de Argentina) madrynxxi@hotmail.com
Sesion iniciada con exito en el horario por el usuario : Sat Aug 06 2033 12:07:47 GMT-0300 (hora estándar de Argentina) madrynxxi@hotmail.com
Sesion iniciada con exito en el horario por el usuario : Sat Aug 06 2033 12:09:34 GMT-0300 (hora estándar de Argentina) madrynxxi@hotmail.com
Sesion iniciada con exito en el horario por el usuario : Sat Aug 06 2033 12:10:53 GMT-0300 (hora estándar de Argentina) madrynxxi@hotmail.com
Sesion iniciada con exito en el horario por el usuario : Sat Aug 06 2033 12:12:32 GMT-0300 (hora estándar de Argentina) madrynxxi@hotmail.com
Sesion iniciada con exito en el horario por el usuario : Sat Aug 06 2033 12:15:51 GMT-0300 (hora estándar de Argentina) madrynxxi@hotmail.com
Sesion iniciada con exito en el horario por el usuario : Sat Aug 06 2033 12:16:19 GMT-0300 (hora estándar de Argentina) madrynxxi@hotmail.com
Sesion iniciada con exito en el horario por el usuario : Sat Aug 06 2033 12:18:09 GMT-0300 (hora estándar de Argentina) madrynxxi@hotmail.com
Sesion iniciada con exito en el horario por el usuario : Sat Aug 06 2033 12:28:55 GMT-0300 (hora estándar de Argentina) madrynxxi@hotmail.com
Sesion iniciada con exito en el horario por el usuario : Sat Aug 06 2033 17:47:14 GMT-0300 (hora estándar de Argentina) madrynxxi@hotmail.com
Sesion iniciada con exito en el horario por el usuario : Sat Aug 06 2033 17:55:19 GMT-0300 (hora estándar de Argentina) madrynxxi@hotmail.com
Sesion iniciada con exito en el horario por el usuario : Sat Aug 06 2033 18:04:19 GMT-0300 (hora estándar de Argentina) madrynxxi@hotmail.com
Sesion iniciada con exito en el horario por el usuario : Sat Aug 06 2033 18:12:53 GMT-0300 (hora estándar de Argentina) madrynxxi@hotmail.com
Sesion iniciada con exito en el horario por el usuario : Sat Aug 06 2033 18:13:40 GMT-0300 (hora estándar de Argentina) madrynxxi@hotmail.com
Sesion iniciada con exito en el horario por el usuario : Sat Aug 06 2033 18:15:14 GMT-0300 (hora estándar de Argentina) madrynxxi@hotmail.com
Sesion iniciada con exito en el horario por el usuario : Sat Aug 06 2033 18:22:46 GMT-0300 (hora estándar de Argentina) madrynxxi@hotmail.com
Sesion iniciada con exito en el horario por el usuario : Sat Aug 06 2033 18:24:06 GMT-0300 (hora estándar de Argentina) madrynxxi@hotmail.com
Sesion iniciada con exito en el horario por el usuario : Sat Aug 06 2033 18:24:53 GMT-0300 (hora estándar de Argentina) madrynxxi@hotmail.com
Sesion iniciada con exito en el horario por el usuario : Sat Aug 06 2033 18:33:18 GMT-0300 (hora estándar de Argentina) madrynxxi@hotmail.com
Sesion iniciada con exito en el horario por el usuario : Sat Aug 06 2033 18:38:31 GMT-0300 (hora estándar de Argentina) madrynxxi@hotmail.com
Sesion iniciada con exito en el horario por el usuario : Sat Aug 06 2033 18:43:23 GMT-0300 (hora estándar de Argentina) madrynxxi@hotmail.com
Sesion iniciada con exito en el horario por el usuario : Sat Aug 06 2033 18:45:23 GMT-0300 (hora estándar de Argentina) madrynxxi@hotmail.com
Sesion iniciada con exito en el horario por el usuario : Sat Aug 06 2033 19:23:04 GMT-0300 (hora estándar de Argentina) madrynxxi@hotmail.com
Sesion iniciada con exito en el horario por el usuario : Sat Aug 06 2033 20:44:58 GMT-0300 (hora estándar de Argentina) madrynxxi@hotmail.com
Sesion iniciada con exito en el horario por el usuario : Sat Aug 06 2033 20:47:48 GMT-0300 (hora estándar de Argentina) madrynxxi@hotmail.com
Sesion iniciada con exito en el horario por el usuario : Sat Aug 06 2033 20:49:58 GMT-0300 (hora estándar de Argentina) madrynxxi@hotmail.com
Sesion iniciada con exito en el horario por el usuario : Sat Aug 06 2033 21:00:34 GMT-0300 (hora estándar de Argentina) madrynxxi@hotmail.com
Sesion iniciada con exito en el horario por el usuario : Sat Aug 06 2033 21:35:15 GMT-0300 (hora estándar de Argentina) madrynxxi@hotmail.com
Sesion iniciada con exito en el horario por el usuario : Sat Aug 06 2033 21:35:53 GMT-0300 (hora estándar de Argentina) madrynxxi@hotmail.com
Sesion iniciada con exito en el horario por el usuario : Sat Aug 06 2033 21:44:01 GMT-0300 (hora estándar de Argentina) madrynxxi@hotmail.com
Sesion iniciada con exito en el horario por el usuario : Sat Aug 06 2033 22:13:35 GMT-0300 (hora estándar de Argentina) madrynxxi@hotmail.com
Sesion iniciada con exito en el horario por el usuario : Sat Aug 06 2033 22:14:51 GMT-0300 (hora estándar de Argentina) madrynxxi@hotmail.com
Sesion iniciada con exito en el horario por el usuario : Sat Aug 06 2033 22:16:13 GMT-0300 (hora estándar de Argentina) madrynxxi@hotmail.com
Sesion iniciada con exito en el horario por el usuario : Sat Aug 06 2033 22:17:34 GMT-0300 (hora estándar de Argentina) madrynxxi@hotmail.com
Sesion iniciada con exito en el horario por el usuario : Sat Aug 06 2033 22:33:55 GMT-0300 (hora estándar de Argentina) madrynxxi@hotmail.com
Sesion iniciada con exito en el horario por el usuario : Sat Aug 06 2033 22:38:33 GMT-0300 (hora estándar de Argentina) madrynxxi@hotmail.com
Sesion iniciada con exito en el horario por el usuario : Sat Aug 06 2033 22:39:34 GMT-0300 (hora estándar de Argentina) madrynxxi@hotmail.com
Sesion iniciada con exito en el horario por el usuario : Sat Aug 06 2033 22:40:15 GMT-0300 (hora estándar de Argentina) madrynxxi@hotmail.com
Sesion iniciada con exito en el horario por el usuario : Sat Aug 06 2033 22:48:30 GMT-0300 (hora estándar de Argentina) madrynxxi@hotmail.com
Sesion iniciada con exito en el horario por el usuario : Sat Aug 06 2033 22:50:06 GMT-0300 (hora estándar de Argentina) madrynxxi@hotmail.com
Sesion iniciada con exito en el horario por el usuario : Sat Aug 06 2033 22:52:52 GMT-0300 (hora estándar de Argentina) madrynxxi@hotmail.com
Sesion iniciada con exito en el horario por el usuario : Sat Aug 06 2033 22:54:20 GMT-0300 (hora estándar de Argentina) madrynxxi@hotmail.com
Sesion iniciada con exito en el horario por el usuario : Sat Aug 06 2033 22:54:25 GMT-0300 (hora estándar de Argentina) madrynxxi@hotmail.com
Sesion iniciada con exito en el horario por el usuario : Sat Aug 06 2033 22:59:30 GMT-0300 (hora estándar de Argentina) madrynxxi@hotmail.com
Sesion iniciada con exito en el horario por el usuario : Sat Aug 06 2033 23:00:09 GMT-0300 (hora estándar de Argentina) madrynxxi@hotmail.com
Sesion iniciada con exito en el horario por el usuario : Sat Aug 06 2033 23:01:37 GMT-0300 (hora estándar de Argentina) madrynxxi@hotmail.com
Sesion iniciada con exito en el horario por el usuario : Sat Aug 06 2033 23:02:01 GMT-0300 (hora estándar de Argentina) madrynxxi@hotmail.com
Sesion iniciada con exito en el horario por el usuario : Sat Aug 06 2033 23:08:43 GMT-0300 (hora estándar de Argentina) madrynxxi@hotmail.com
Sesion iniciada con exito en el horario por el usuario : Sat Aug 06 2033 23:09:09 GMT-0300 (hora estándar de Argentina) madrynxxi@hotmail.com
Sesion iniciada con exito en el horario por el usuario : Sat Aug 06 2033 23:17:58 GMT-0300 (hora estándar de Argentina) madrynxxi@hotmail.com
Sesion iniciada con exito en el horario por el usuario : Sun Aug 07 2033 10:08:32 GMT-0300 (hora estándar de Argentina) madrynxxi@hotmail.com
Sesion iniciada con exito en el horario por el usuario : Sun Aug 07 2033 11:16:31 GMT-0300 (hora estándar de Argentina) madrynxxi@hotmail.com
Sesion iniciada con exito en el horario por el usuario : Sun Aug 07 2033 11:17:34 GMT-0300 (hora estándar de Argentina) madrynxxi@hotmail.com
Sesion iniciada con exito en el horario por el usuario : Sun Aug 07 2033 11:20:22 GMT-0300 (hora estándar de Argentina) madrynxxi@hotmail.com
Sesion iniciada con exito en el horario por el usuario : Sun Aug 07 2033 11:40:14 GMT-0300 (hora estándar de Argentina) madrynxxi@hotmail.com
